This is XeTeX, Version 3.141592653-2.6-0.999996 (MiKTeX 24.4) (preloaded format=xelatex 2024.5.13)  20 JUN 2024 03:32
entering extended mode
 restricted \write18 enabled.
 %&-line parsing enabled.
**./main.tex
(main.tex
LaTeX2e <2023-11-01> patch level 1
L3 programming layer <2024-03-14>
(setup.tex (vkr.cls
Document Class: vkr VKR class
(C:\Users\Den\AppData\Local\Programs\MiKTeX\tex/latex/fontspec\fontspec.sty
(C:\Users\Den\AppData\Local\Programs\MiKTeX\tex/latex/l3packages/xparse\xparse.
sty (C:\Users\Den\AppData\Local\Programs\MiKTeX\tex/latex/l3kernel\expl3.sty
Package: expl3 2024-03-14 L3 programming layer (loader) 

(C:\Users\Den\AppData\Local\Programs\MiKTeX\tex/latex/l3backend\l3backend-xetex
.def
File: l3backend-xetex.def 2024-03-14 L3 backend support: XeTeX
\g__graphics_track_int=\count184
\l__pdf_internal_box=\box51
\g__pdf_backend_object_int=\count185
\g__pdf_backend_annotation_int=\count186
\g__pdf_backend_link_int=\count187
))
Package: xparse 2024-03-14 L3 Experimental document command parser
)
Package: fontspec 2024/04/27 v2.9b Font selection for XeLaTeX and LuaLaTeX

(C:\Users\Den\AppData\Local\Programs\MiKTeX\tex/latex/fontspec\fontspec-xetex.s
ty
Package: fontspec-xetex 2024/04/27 v2.9b Font selection for XeLaTeX and LuaLaTe
X
\l__fontspec_script_int=\count188
\l__fontspec_language_int=\count189
\l__fontspec_strnum_int=\count190
\l__fontspec_tmp_int=\count191
\l__fontspec_tmpa_int=\count192
\l__fontspec_tmpb_int=\count193
\l__fontspec_tmpc_int=\count194
\l__fontspec_em_int=\count195
\l__fontspec_emdef_int=\count196
\l__fontspec_strong_int=\count197
\l__fontspec_strongdef_int=\count198
\l__fontspec_tmpa_dim=\dimen140
\l__fontspec_tmpb_dim=\dimen141
\l__fontspec_tmpc_dim=\dimen142
 (C:\Users\Den\AppData\Local\Programs\MiKTeX\tex/latex/base\fontenc.sty
Package: fontenc 2021/04/29 v2.0v Standard LaTeX package
)
(C:\Users\Den\AppData\Local\Programs\MiKTeX\tex/latex/fontspec\fontspec.cfg)))

Package fontspec Info: 
(fontspec)             Font family 'TimesNewRoman(0)' created for font 'Times
(fontspec)             New Roman' with options [Ligatures=TeX].
(fontspec)              
(fontspec)              This font family consists of the following NFSS
(fontspec)             series/shapes:
(fontspec)              
(fontspec)             - 'normal' (m/n) with NFSS spec.: <->"Times New
(fontspec)             Roman/OT:script=latn;language=dflt;mapping=tex-text;"
(fontspec)             - 'small caps'  (m/sc) with NFSS spec.: <->"Times New
(fontspec)             Roman/OT:script=latn;language=dflt;+smcp;mapping=tex-tex
t;"
(fontspec)             - 'bold' (b/n) with NFSS spec.: <->"Times New
(fontspec)             Roman/B/OT:script=latn;language=dflt;mapping=tex-text;"
(fontspec)             - 'bold small caps'  (b/sc) with NFSS spec.: <->"Times
(fontspec)             New
(fontspec)             Roman/B/OT:script=latn;language=dflt;+smcp;mapping=tex-t
ext;"
(fontspec)             - 'italic' (m/it) with NFSS spec.: <->"Times New
(fontspec)             Roman/I/OT:script=latn;language=dflt;mapping=tex-text;"
(fontspec)             - 'italic small caps'  (m/scit) with NFSS spec.:
(fontspec)             <->"Times New
(fontspec)             Roman/I/OT:script=latn;language=dflt;+smcp;mapping=tex-t
ext;"
(fontspec)             - 'bold italic' (b/it) with NFSS spec.: <->"Times New
(fontspec)             Roman/BI/OT:script=latn;language=dflt;mapping=tex-text;"

(fontspec)             - 'bold italic small caps'  (b/scit) with NFSS spec.:
(fontspec)             <->"Times New
(fontspec)             Roman/BI/OT:script=latn;language=dflt;+smcp;mapping=tex-
text;"

\pagetop=\skip48
\pagebottom=\skip49
\pageleft=\skip50
\pageright=\skip51
\pwidth=\skip52
\pheight=\skip53
\saved@arstrutbox=\box52
\c@section=\count199
\c@subsection=\count266
\c@subsubsection=\count267
\c@paragraph=\count268
\c@figure=\count269
\c@figurecnt=\count270
\abovecaptionskip=\skip54
\belowcaptionskip=\skip55
\c@table=\count271
\c@tablecnt=\count272
\c@lastpage=\count273
\c@числоПлакатов=\count274
\c@bibcount=\count275
) (C:\Users\Den\AppData\Local\Programs\MiKTeX\tex/generic/babel\babel.sty
Package: babel 2024/04/20 v24.4 The Babel package
\babel@savecnt=\count276
\U@D=\dimen143
\l@unhyphenated=\language79

(C:\Users\Den\AppData\Local\Programs\MiKTeX\tex/generic/babel\xebabel.def)
\bbl@readstream=\read2
\bbl@dirlevel=\count277

*************************************
* Local config file bblopts.cfg used
*
(C:\Users\Den\AppData\Local\Programs\MiKTeX\tex/latex/arabi\bblopts.cfg
File: bblopts.cfg 2005/09/08 v0.1 add Arabic and Farsi to "declared" options of
 babel
)
(C:\Users\Den\AppData\Local\Programs\MiKTeX\tex/latex/babel-english\english.ldf
Language: english 2017/06/06 v3.3r English support from the babel system
Package babel Info: Hyphen rules for 'canadian' set to \l@english
(babel)             (\language0). Reported on input line 102.
Package babel Info: Hyphen rules for 'australian' set to \l@ukenglish
(babel)             (\language73). Reported on input line 105.
Package babel Info: Hyphen rules for 'newzealand' set to \l@ukenglish
(babel)             (\language73). Reported on input line 108.
)
(C:\Users\Den\AppData\Local\Programs\MiKTeX\tex/latex/babel-russian\russianb.ld
f
File: russianb.ldf 2021/01/10 1.3m Russian support for the Babel system
Language: russian 2020/09/09 1.3k Russian support for the Babel system
Package babel Info: Making " an active character on input line 124.
Package babel Info: Default for \cyrdash is provided on input line 163.
))
(C:\Users\Den\AppData\Local\Programs\MiKTeX\tex/generic/babel/locale/ru\babel-r
ussian.tex
Package babel Info: Importing font and identification data for russian
(babel)             from babel-ru.ini. Reported on input line 11.
)
(C:\Users\Den\AppData\Local\Programs\MiKTeX\tex/generic/babel/locale/en\babel-e
nglish.tex
Package babel Info: Importing font and identification data for english
(babel)             from babel-en.ini. Reported on input line 11.
)
(C:\Users\Den\AppData\Local\Programs\MiKTeX\tex/latex/graphics\graphicx.sty
Package: graphicx 2021/09/16 v1.2d Enhanced LaTeX Graphics (DPC,SPQR)

(C:\Users\Den\AppData\Local\Programs\MiKTeX\tex/latex/graphics\keyval.sty
Package: keyval 2022/05/29 v1.15 key=value parser (DPC)
\KV@toks@=\toks17
)
(C:\Users\Den\AppData\Local\Programs\MiKTeX\tex/latex/graphics\graphics.sty
Package: graphics 2022/03/10 v1.4e Standard LaTeX Graphics (DPC,SPQR)

(C:\Users\Den\AppData\Local\Programs\MiKTeX\tex/latex/graphics\trig.sty
Package: trig 2021/08/11 v1.11 sin cos tan (DPC)
)
(C:\Users\Den\AppData\Local\Programs\MiKTeX\tex/latex/graphics-cfg\graphics.cfg
File: graphics.cfg 2016/06/04 v1.11 sample graphics configuration
)
Package graphics Info: Driver file: xetex.def on input line 107.
 (C:\Users\Den\AppData\Local\Programs\MiKTeX\tex/latex/graphics-def\xetex.def
File: xetex.def 2022/09/22 v5.0n Graphics/color driver for xetex
))
\Gin@req@height=\dimen144
\Gin@req@width=\dimen145
) (C:\Users\Den\AppData\Local\Programs\MiKTeX\tex/latex/hyperref\hyperref.sty
Package: hyperref 2024-01-20 v7.01h Hypertext links for LaTeX

(C:\Users\Den\AppData\Local\Programs\MiKTeX\tex/generic/iftex\iftex.sty
Package: iftex 2022/02/03 v1.0f TeX engine tests
)
(C:\Users\Den\AppData\Local\Programs\MiKTeX\tex/latex/kvsetkeys\kvsetkeys.sty
Package: kvsetkeys 2022-10-05 v1.19 Key value parser (HO)
)
(C:\Users\Den\AppData\Local\Programs\MiKTeX\tex/generic/kvdefinekeys\kvdefineke
ys.sty
Package: kvdefinekeys 2019-12-19 v1.6 Define keys (HO)
)
(C:\Users\Den\AppData\Local\Programs\MiKTeX\tex/generic/pdfescape\pdfescape.sty
Package: pdfescape 2019/12/09 v1.15 Implements pdfTeX's escape features (HO)
(C:\Users\Den\AppData\Local\Programs\MiKTeX\tex/generic/ltxcmds\ltxcmds.sty
Package: ltxcmds 2023-12-04 v1.26 LaTeX kernel commands for general use (HO)
)
(C:\Users\Den\AppData\Local\Programs\MiKTeX\tex/generic/pdftexcmds\pdftexcmds.s
ty
Package: pdftexcmds 2020-06-27 v0.33 Utility functions of pdfTeX for LuaTeX (HO
)

(C:\Users\Den\AppData\Local\Programs\MiKTeX\tex/generic/infwarerr\infwarerr.sty
Package: infwarerr 2019/12/03 v1.5 Providing info/warning/error messages (HO)
)
Package pdftexcmds Info: \pdf@primitive is available.
Package pdftexcmds Info: \pdf@ifprimitive is available.
Package pdftexcmds Info: \pdfdraftmode not found.
)) (C:\Users\Den\AppData\Local\Programs\MiKTeX\tex/latex/hycolor\hycolor.sty
Package: hycolor 2020-01-27 v1.10 Color options for hyperref/bookmark (HO)
)
(C:\Users\Den\AppData\Local\Programs\MiKTeX\tex/latex/auxhook\auxhook.sty
Package: auxhook 2019-12-17 v1.6 Hooks for auxiliary files (HO)
)
(C:\Users\Den\AppData\Local\Programs\MiKTeX\tex/latex/hyperref\nameref.sty
Package: nameref 2023-11-26 v2.56 Cross-referencing by name of section

(C:\Users\Den\AppData\Local\Programs\MiKTeX\tex/latex/refcount\refcount.sty
Package: refcount 2019/12/15 v3.6 Data extraction from label references (HO)
)
(C:\Users\Den\AppData\Local\Programs\MiKTeX\tex/generic/gettitlestring\gettitle
string.sty
Package: gettitlestring 2019/12/15 v1.6 Cleanup title references (HO)

(C:\Users\Den\AppData\Local\Programs\MiKTeX\tex/latex/kvoptions\kvoptions.sty
Package: kvoptions 2022-06-15 v3.15 Key value format for package options (HO)
))
\c@section@level=\count278
) (C:\Users\Den\AppData\Local\Programs\MiKTeX\tex/latex/etoolbox\etoolbox.sty
Package: etoolbox 2020/10/05 v2.5k e-TeX tools for LaTeX (JAW)
\etb@tempcnta=\count279
)
\@linkdim=\dimen146
\Hy@linkcounter=\count280
\Hy@pagecounter=\count281

(C:\Users\Den\AppData\Local\Programs\MiKTeX\tex/latex/hyperref\pd1enc.def
File: pd1enc.def 2024-01-20 v7.01h Hyperref: PDFDocEncoding definition (HO)
)
(C:\Users\Den\AppData\Local\Programs\MiKTeX\tex/generic/intcalc\intcalc.sty
Package: intcalc 2019/12/15 v1.3 Expandable calculations with integers (HO)
)
\Hy@SavedSpaceFactor=\count282

(C:\Users\Den\AppData\Local\Programs\MiKTeX\tex/latex/hyperref\puenc.def
File: puenc.def 2024-01-20 v7.01h Hyperref: PDF Unicode definition (HO)
)
Package hyperref Info: Option `unicode' set `true' on input line 3165.
Package hyperref Info: Hyper figures OFF on input line 4179.
Package hyperref Info: Link nesting OFF on input line 4184.
Package hyperref Info: Hyper index ON on input line 4187.
Package hyperref Info: Plain pages OFF on input line 4194.
Package hyperref Info: Backreferencing OFF on input line 4199.
Package hyperref Info: Implicit mode ON; LaTeX internals redefined.
Package hyperref Info: Bookmarks ON on input line 4446.
\c@Hy@tempcnt=\count283

(C:\Users\Den\AppData\Local\Programs\MiKTeX\tex/latex/url\url.sty
\Urlmuskip=\muskip16
Package: url 2013/09/16  ver 3.4  Verb mode for urls, etc.
)
LaTeX Info: Redefining \url on input line 4784.
\XeTeXLinkMargin=\dimen147

(C:\Users\Den\AppData\Local\Programs\MiKTeX\tex/generic/bitset\bitset.sty
Package: bitset 2019/12/09 v1.3 Handle bit-vector datatype (HO)

(C:\Users\Den\AppData\Local\Programs\MiKTeX\tex/generic/bigintcalc\bigintcalc.s
ty
Package: bigintcalc 2019/12/15 v1.5 Expandable calculations on big integers (HO
)
))
\Fld@menulength=\count284
\Field@Width=\dimen148
\Fld@charsize=\dimen149
Package hyperref Info: Hyper figures OFF on input line 6063.
Package hyperref Info: Link nesting OFF on input line 6068.
Package hyperref Info: Hyper index ON on input line 6071.
Package hyperref Info: backreferencing OFF on input line 6078.
Package hyperref Info: Link coloring OFF on input line 6083.
Package hyperref Info: Link coloring with OCG OFF on input line 6088.
Package hyperref Info: PDF/A mode OFF on input line 6093.

(C:\Users\Den\AppData\Local\Programs\MiKTeX\tex/latex/base\atbegshi-ltx.sty
Package: atbegshi-ltx 2021/01/10 v1.0c Emulation of the original atbegshi
package with kernel methods
)
\Hy@abspage=\count285
\c@Item=\count286
\c@Hfootnote=\count287
)
Package hyperref Info: Driver (autodetected): hxetex.

(C:\Users\Den\AppData\Local\Programs\MiKTeX\tex/latex/hyperref\hxetex.def
File: hxetex.def 2024-01-20 v7.01h Hyperref driver for XeTeX

(C:\Users\Den\AppData\Local\Programs\MiKTeX\tex/generic/stringenc\stringenc.sty
Package: stringenc 2019/11/29 v1.12 Convert strings between diff. encodings (HO
)
)
\pdfm@box=\box53
\c@Hy@AnnotLevel=\count288
\HyField@AnnotCount=\count289
\Fld@listcount=\count290
\c@bookmark@seq@number=\count291

(C:\Users\Den\AppData\Local\Programs\MiKTeX\tex/latex/rerunfilecheck\rerunfilec
heck.sty
Package: rerunfilecheck 2022-07-10 v1.10 Rerun checks for auxiliary files (HO)

(C:\Users\Den\AppData\Local\Programs\MiKTeX\tex/latex/base\atveryend-ltx.sty
Package: atveryend-ltx 2020/08/19 v1.0a Emulation of the original atveryend pac
kage
with kernel methods
)
(C:\Users\Den\AppData\Local\Programs\MiKTeX\tex/generic/uniquecounter\uniquecou
nter.sty
Package: uniquecounter 2019/12/15 v1.4 Provide unlimited unique counter (HO)
)
Package uniquecounter Info: New unique counter `rerunfilecheck' on input line 2
85.
)
\Hy@SectionHShift=\skip56
)
(C:\Users\Den\AppData\Local\Programs\MiKTeX\tex/latex/float\float.sty
Package: float 2001/11/08 v1.3d Float enhancements (AL)
\c@float@type=\count292
\float@exts=\toks18
\float@box=\box54
\@float@everytoks=\toks19
\@floatcapt=\box55
)
(C:\Users\Den\AppData\Local\Programs\MiKTeX\tex/latex/pdflscape\pdflscape.sty
Package: pdflscape 2022-10-27 v0.13 Display of landscape pages in PDF

(C:\Users\Den\AppData\Local\Programs\MiKTeX\tex/latex/pdflscape\pdflscape-nomet
adata.sty
Package: pdflscape-nometadata 2022-10-28 v0.13 Display of landscape pages in PD
F (HO)

(C:\Users\Den\AppData\Local\Programs\MiKTeX\tex/latex/graphics\lscape.sty
Package: lscape 2020/05/28 v3.02 Landscape Pages (DPC)
)
Package pdflscape Info: Auto-detected driver: dvipdfm (xetex) on input line 98.

))
(C:\Users\Den\AppData\Local\Programs\MiKTeX\tex/latex/xltabular\xltabular.sty
Package: xltabular 2020/11/04 v0.2e `xltabular' package (hv,RN)

(C:\Users\Den\AppData\Local\Programs\MiKTeX\tex/latex/tools\tabularx.sty
Package: tabularx 2023/07/08 v2.11c `tabularx' package (DPC)

(C:\Users\Den\AppData\Local\Programs\MiKTeX\tex/latex/tools\array.sty
Package: array 2023/10/16 v2.5g Tabular extension package (FMi)
\col@sep=\dimen150
\ar@mcellbox=\box56
\extrarowheight=\dimen151
\NC@list=\toks20
\extratabsurround=\skip57
\backup@length=\skip58
\ar@cellbox=\box57
)
\TX@col@width=\dimen152
\TX@old@table=\dimen153
\TX@old@col=\dimen154
\TX@target=\dimen155
\TX@delta=\dimen156
\TX@cols=\count293
\TX@ftn=\toks21
)
(C:\Users\Den\AppData\Local\Programs\MiKTeX\tex/latex/ltablex\ltablex.sty
Package: ltablex 2014/08/13 v1.1 Modified tabularx

(C:\Users\Den\AppData\Local\Programs\MiKTeX\tex/latex/tools\longtable.sty
Package: longtable 2023-11-01 v4.19 Multi-page Table package (DPC)
\LTleft=\skip59
\LTright=\skip60
\LTpre=\skip61
\LTpost=\skip62
\LTchunksize=\count294
\LTcapwidth=\dimen157
\LT@head=\box58
\LT@firsthead=\box59
\LT@foot=\box60
\LT@lastfoot=\box61
\LT@gbox=\box62
\LT@cols=\count295
\LT@rows=\count296
\c@LT@tables=\count297
\c@LT@chunks=\count298
\LT@p@ftn=\toks22
)))
(C:\Users\Den\AppData\Local\Programs\MiKTeX\tex/latex/makecell\makecell.sty
Package: makecell 2009/08/03 V0.1e Managing of Tab Column Heads and Cells
\rotheadsize=\dimen158
\c@nlinenum=\count299
\TeXr@lab=\toks23
)
(C:\Users\Den\AppData\Local\Programs\MiKTeX\tex/latex/amsmath\amsmath.sty
Package: amsmath 2023/05/13 v2.17o AMS math features
\@mathmargin=\skip63

For additional information on amsmath, use the `?' option.
(C:\Users\Den\AppData\Local\Programs\MiKTeX\tex/latex/amsmath\amstext.sty
Package: amstext 2021/08/26 v2.01 AMS text

(C:\Users\Den\AppData\Local\Programs\MiKTeX\tex/latex/amsmath\amsgen.sty
File: amsgen.sty 1999/11/30 v2.0 generic functions
\@emptytoks=\toks24
\ex@=\dimen159
))
(C:\Users\Den\AppData\Local\Programs\MiKTeX\tex/latex/amsmath\amsbsy.sty
Package: amsbsy 1999/11/29 v1.2d Bold Symbols
\pmbraise@=\dimen160
)
(C:\Users\Den\AppData\Local\Programs\MiKTeX\tex/latex/amsmath\amsopn.sty
Package: amsopn 2022/04/08 v2.04 operator names
)
\inf@bad=\count300
LaTeX Info: Redefining \frac on input line 234.
\uproot@=\count301
\leftroot@=\count302
LaTeX Info: Redefining \overline on input line 399.
LaTeX Info: Redefining \colon on input line 410.
\classnum@=\count303
\DOTSCASE@=\count304
LaTeX Info: Redefining \ldots on input line 496.
LaTeX Info: Redefining \dots on input line 499.
LaTeX Info: Redefining \cdots on input line 620.
\Mathstrutbox@=\box63
\strutbox@=\box64
LaTeX Info: Redefining \big on input line 722.
LaTeX Info: Redefining \Big on input line 723.
LaTeX Info: Redefining \bigg on input line 724.
LaTeX Info: Redefining \Bigg on input line 725.
\big@size=\dimen161
LaTeX Font Info:    Redeclaring font encoding OML on input line 743.
LaTeX Font Info:    Redeclaring font encoding OMS on input line 744.
\macc@depth=\count305
LaTeX Info: Redefining \bmod on input line 905.
LaTeX Info: Redefining \pmod on input line 910.
LaTeX Info: Redefining \smash on input line 940.
LaTeX Info: Redefining \relbar on input line 970.
LaTeX Info: Redefining \Relbar on input line 971.
\c@MaxMatrixCols=\count306
\dotsspace@=\muskip17
\c@parentequation=\count307
\dspbrk@lvl=\count308
\tag@help=\toks25
\row@=\count309
\column@=\count310
\maxfields@=\count311
\andhelp@=\toks26
\eqnshift@=\dimen162
\alignsep@=\dimen163
\tagshift@=\dimen164
\tagwidth@=\dimen165
\totwidth@=\dimen166
\lineht@=\dimen167
\@envbody=\toks27
\multlinegap=\skip64
\multlinetaggap=\skip65
\mathdisplay@stack=\toks28
LaTeX Info: Redefining \[ on input line 2953.
LaTeX Info: Redefining \] on input line 2954.
)

Package array Warning: Redefining primitive column r on input line 17.

(C:\Users\Den\AppData\Local\Programs\MiKTeX\tex/latex/caption\caption.sty
Package: caption 2023/08/05 v3.6o Customizing captions (AR)

(C:\Users\Den\AppData\Local\Programs\MiKTeX\tex/latex/caption\caption3.sty
Package: caption3 2023/07/31 v2.4d caption3 kernel (AR)
\caption@tempdima=\dimen168
\captionmargin=\dimen169
\caption@leftmargin=\dimen170
\caption@rightmargin=\dimen171
\caption@width=\dimen172
\caption@indent=\dimen173
\caption@parindent=\dimen174
\caption@hangindent=\dimen175
Package caption Info: Unknown document class (or package),
(caption)             standard defaults will be used.
Package caption Info: \@makecaption = \long macro:#1#2->\vskip \abovecaptionski
p \sbox \@tempboxa {#1 -- #2}\ifdim \wd \@tempboxa >\hsize #1 -- #2\par \else \
global \@minipagefalse \if \instring {Таб}{#1} \hb@xt@ \hsize {\box \@tempboxa 
\hfil }\else \hb@xt@ \hsize {\hfil \box \@tempboxa \hfil }\fi \fi \vskip \below
captionskip  on input line 1175.
)

Package caption Warning: Unknown document class (or package),
(caption)                standard defaults will be used.
See the caption package documentation for explanation.

\c@caption@flags=\count312
\c@continuedfloat=\count313
Package caption Info: float package is loaded.
Package caption Info: hyperref package is loaded.
Package caption Info: longtable package is loaded.
(C:\Users\Den\AppData\Local\Programs\MiKTeX\tex/latex/caption\ltcaption.sty
Package: ltcaption 2021/01/08 v1.4c longtable captions (AR)
))
(C:\Users\Den\AppData\Local\Programs\MiKTeX\tex/latex/enumitem\enumitem.sty
Package: enumitem 2019/06/20 v3.9 Customized lists
\labelindent=\skip66
\enit@outerparindent=\dimen176
\enit@toks=\toks29
\enit@inbox=\box65
\enit@count@id=\count314
\enitdp@description=\count315
)
(C:\Users\Den\AppData\Local\Programs\MiKTeX\tex/latex/graphics\color.sty
Package: color 2022/01/06 v1.3d Standard LaTeX Color (DPC)

(C:\Users\Den\AppData\Local\Programs\MiKTeX\tex/latex/graphics-cfg\color.cfg
File: color.cfg 2016/01/02 v1.6 sample color configuration
)
Package color Info: Driver file: xetex.def on input line 149.

(C:\Users\Den\AppData\Local\Programs\MiKTeX\tex/latex/graphics\mathcolor.ltx))
(C:\Users\Den\AppData\Local\Programs\MiKTeX\tex/latex/listings\listings.sty
\lst@mode=\count316
\lst@gtempboxa=\box66
\lst@token=\toks30
\lst@length=\count317
\lst@currlwidth=\dimen177
\lst@column=\count318
\lst@pos=\count319
\lst@lostspace=\dimen178
\lst@width=\dimen179
\lst@newlines=\count320
\lst@lineno=\count321
\lst@maxwidth=\dimen180

(C:\Users\Den\AppData\Local\Programs\MiKTeX\tex/latex/listings\lstpatch.sty
File: lstpatch.sty 2024/03/11 1.10a (Carsten Heinz)
)
(C:\Users\Den\AppData\Local\Programs\MiKTeX\tex/latex/listings\lstmisc.sty
File: lstmisc.sty 2024/03/11 1.10a (Carsten Heinz)
\c@lstnumber=\count322
\lst@skipnumbers=\count323
\lst@framebox=\box67
)
(C:\Users\Den\AppData\Local\Programs\MiKTeX\tex/latex/listings\listings.cfg
File: listings.cfg 2024/03/11 1.10a listings configuration
))
Package: listings 2024/03/11 1.10a (Carsten Heinz)

Package fontspec Info: 
(fontspec)             Verdana scale = 0.7.


Package fontspec Info: 
(fontspec)             Verdana scale = 0.7.


Package fontspec Info: 
(fontspec)             Verdana scale = 0.7.


Package fontspec Info: 
(fontspec)             Verdana/B scale = 0.7.


Package fontspec Info: 
(fontspec)             Verdana/B scale = 0.7.


Package fontspec Info: 
(fontspec)             Verdana/I scale = 0.7.


Package fontspec Info: 
(fontspec)             Verdana/I scale = 0.7.


Package fontspec Info: 
(fontspec)             Verdana/BI scale = 0.7.


Package fontspec Info: 
(fontspec)             Verdana/BI scale = 0.7.


Package fontspec Info: 
(fontspec)             Font family 'Verdana(0)' created for font 'Verdana'
(fontspec)             with options
(fontspec)             [WordSpace={1,0,0},HyphenChar=None,PunctuationSpace=Word
Space,Scale=0.7].
(fontspec)              
(fontspec)              This font family consists of the following NFSS
(fontspec)             series/shapes:
(fontspec)              
(fontspec)             - 'normal' (m/n) with NFSS spec.:
(fontspec)             <->s*[0.7]"Verdana/OT:script=latn;language=dflt;"
(fontspec)             - 'small caps'  (m/sc) with NFSS spec.:
(fontspec)             <->s*[0.7]"Verdana/OT:script=latn;language=dflt;+smcp;"
(fontspec)             and font adjustment code:
(fontspec)             \fontdimen 2\font =1\fontdimen 2\font \fontdimen 3\font
(fontspec)             =0\fontdimen 3\font \fontdimen 4\font =0\fontdimen
(fontspec)             4\font \fontdimen 7\font =0\fontdimen 2\font
(fontspec)             \tex_hyphenchar:D \font =-1\scan_stop: 
(fontspec)             - 'bold' (b/n) with NFSS spec.:
(fontspec)             <->s*[0.7]"Verdana/B/OT:script=latn;language=dflt;"
(fontspec)             - 'bold small caps'  (b/sc) with NFSS spec.:
(fontspec)             <->s*[0.7]"Verdana/B/OT:script=latn;language=dflt;+smcp;
"
(fontspec)             and font adjustment code:
(fontspec)             \fontdimen 2\font =1\fontdimen 2\font \fontdimen 3\font
(fontspec)             =0\fontdimen 3\font \fontdimen 4\font =0\fontdimen
(fontspec)             4\font \fontdimen 7\font =0\fontdimen 2\font
(fontspec)             \tex_hyphenchar:D \font =-1\scan_stop: 
(fontspec)             - 'italic' (m/it) with NFSS spec.:
(fontspec)             <->s*[0.7]"Verdana/I/OT:script=latn;language=dflt;"
(fontspec)             - 'italic small caps'  (m/scit) with NFSS spec.:
(fontspec)             <->s*[0.7]"Verdana/I/OT:script=latn;language=dflt;+smcp;
"
(fontspec)             and font adjustment code:
(fontspec)             \fontdimen 2\font =1\fontdimen 2\font \fontdimen 3\font
(fontspec)             =0\fontdimen 3\font \fontdimen 4\font =0\fontdimen
(fontspec)             4\font \fontdimen 7\font =0\fontdimen 2\font
(fontspec)             \tex_hyphenchar:D \font =-1\scan_stop: 
(fontspec)             - 'bold italic' (b/it) with NFSS spec.:
(fontspec)             <->s*[0.7]"Verdana/BI/OT:script=latn;language=dflt;"
(fontspec)             - 'bold italic small caps'  (b/scit) with NFSS spec.:
(fontspec)             <->s*[0.7]"Verdana/BI/OT:script=latn;language=dflt;+smcp
;"
(fontspec)             and font adjustment code:
(fontspec)             \fontdimen 2\font =1\fontdimen 2\font \fontdimen 3\font
(fontspec)             =0\fontdimen 3\font \fontdimen 4\font =0\fontdimen
(fontspec)             4\font \fontdimen 7\font =0\fontdimen 2\font
(fontspec)             \tex_hyphenchar:D \font =-1\scan_stop: 


(C:\Users\Den\AppData\Local\Programs\MiKTeX\tex/latex/listings\lstlang1.sty
File: lstlang1.sty 2024/03/11 1.10a listings language file
)
(C:\Users\Den\AppData\Local\Programs\MiKTeX\tex/latex/listings\lstmisc.sty
File: lstmisc.sty 2024/03/11 1.10a (Carsten Heinz)
))
(main.aux)
\openout1 = `main.aux'.

LaTeX Font Info:    Checking defaults for OML/cmm/m/it on input line 31.
LaTeX Font Info:    ... okay on input line 31.
LaTeX Font Info:    Checking defaults for OMS/cmsy/m/n on input line 31.
LaTeX Font Info:    ... okay on input line 31.
LaTeX Font Info:    Checking defaults for OT1/cmr/m/n on input line 31.
LaTeX Font Info:    ... okay on input line 31.
LaTeX Font Info:    Checking defaults for T1/cmr/m/n on input line 31.
LaTeX Font Info:    ... okay on input line 31.
LaTeX Font Info:    Checking defaults for TS1/cmr/m/n on input line 31.
LaTeX Font Info:    Trying to load font information for TS1+cmr on input line 3
1.
 (C:\Users\Den\AppData\Local\Programs\MiKTeX\tex/latex/base\ts1cmr.fd
File: ts1cmr.fd 2023/04/13 v2.5m Standard LaTeX font definitions
)
LaTeX Font Info:    ... okay on input line 31.
LaTeX Font Info:    Checking defaults for TU/lmr/m/n on input line 31.
LaTeX Font Info:    ... okay on input line 31.
LaTeX Font Info:    Checking defaults for OMX/cmex/m/n on input line 31.
LaTeX Font Info:    ... okay on input line 31.
LaTeX Font Info:    Checking defaults for U/cmr/m/n on input line 31.
LaTeX Font Info:    ... okay on input line 31.
LaTeX Font Info:    Checking defaults for PD1/pdf/m/n on input line 31.
LaTeX Font Info:    ... okay on input line 31.
LaTeX Font Info:    Checking defaults for PU/pdf/m/n on input line 31.
LaTeX Font Info:    ... okay on input line 31.

Package fontspec Info: 
(fontspec)             Adjusting the maths setup (use [no-math] to avoid
(fontspec)             this).

\symlegacymaths=\mathgroup4
LaTeX Font Info:    Overwriting symbol font `legacymaths' in version `bold'
(Font)                  OT1/cmr/m/n --> OT1/cmr/bx/n on input line 31.
LaTeX Font Info:    Redeclaring math accent \acute on input line 31.
LaTeX Font Info:    Redeclaring math accent \grave on input line 31.
LaTeX Font Info:    Redeclaring math accent \ddot on input line 31.
LaTeX Font Info:    Redeclaring math accent \tilde on input line 31.
LaTeX Font Info:    Redeclaring math accent \bar on input line 31.
LaTeX Font Info:    Redeclaring math accent \breve on input line 31.
LaTeX Font Info:    Redeclaring math accent \check on input line 31.
LaTeX Font Info:    Redeclaring math accent \hat on input line 31.
LaTeX Font Info:    Redeclaring math accent \dot on input line 31.
LaTeX Font Info:    Redeclaring math accent \mathring on input line 31.
LaTeX Font Info:    Redeclaring math symbol \Gamma on input line 31.
LaTeX Font Info:    Redeclaring math symbol \Delta on input line 31.
LaTeX Font Info:    Redeclaring math symbol \Theta on input line 31.
LaTeX Font Info:    Redeclaring math symbol \Lambda on input line 31.
LaTeX Font Info:    Redeclaring math symbol \Xi on input line 31.
LaTeX Font Info:    Redeclaring math symbol \Pi on input line 31.
LaTeX Font Info:    Redeclaring math symbol \Sigma on input line 31.
LaTeX Font Info:    Redeclaring math symbol \Upsilon on input line 31.
LaTeX Font Info:    Redeclaring math symbol \Phi on input line 31.
LaTeX Font Info:    Redeclaring math symbol \Psi on input line 31.
LaTeX Font Info:    Redeclaring math symbol \Omega on input line 31.
LaTeX Font Info:    Redeclaring math symbol \mathdollar on input line 31.
LaTeX Font Info:    Redeclaring symbol font `operators' on input line 31.
LaTeX Font Info:    Encoding `OT1' has changed to `TU' for symbol font
(Font)              `operators' in the math version `normal' on input line 31.
LaTeX Font Info:    Overwriting symbol font `operators' in version `normal'
(Font)                  OT1/cmr/m/n --> TU/TimesNewRoman(0)/m/n on input line 3
1.
LaTeX Font Info:    Encoding `OT1' has changed to `TU' for symbol font
(Font)              `operators' in the math version `bold' on input line 31.
LaTeX Font Info:    Overwriting symbol font `operators' in version `bold'
(Font)                  OT1/cmr/bx/n --> TU/TimesNewRoman(0)/m/n on input line 
31.
LaTeX Font Info:    Overwriting symbol font `operators' in version `normal'
(Font)                  TU/TimesNewRoman(0)/m/n --> TU/TimesNewRoman(0)/m/n on 
input line 31.
LaTeX Font Info:    Overwriting math alphabet `\mathit' in version `normal'
(Font)                  OT1/cmr/m/it --> TU/TimesNewRoman(0)/m/it on input line
 31.
LaTeX Font Info:    Overwriting math alphabet `\mathbf' in version `normal'
(Font)                  OT1/cmr/bx/n --> TU/TimesNewRoman(0)/b/n on input line 
31.
LaTeX Font Info:    Overwriting math alphabet `\mathsf' in version `normal'
(Font)                  OT1/cmss/m/n --> TU/lmss/m/n on input line 31.
LaTeX Font Info:    Overwriting math alphabet `\mathtt' in version `normal'
(Font)                  OT1/cmtt/m/n --> TU/Verdana(0)/m/n on input line 31.
LaTeX Font Info:    Overwriting symbol font `operators' in version `bold'
(Font)                  TU/TimesNewRoman(0)/m/n --> TU/TimesNewRoman(0)/b/n on 
input line 31.
LaTeX Font Info:    Overwriting math alphabet `\mathit' in version `bold'
(Font)                  OT1/cmr/bx/it --> TU/TimesNewRoman(0)/b/it on input lin
e 31.
LaTeX Font Info:    Overwriting math alphabet `\mathsf' in version `bold'
(Font)                  OT1/cmss/bx/n --> TU/lmss/b/n on input line 31.
LaTeX Font Info:    Overwriting math alphabet `\mathtt' in version `bold'
(Font)                  OT1/cmtt/m/n --> TU/Verdana(0)/b/n on input line 31.
LaTeX Info: Redefining \th on input line 31.
Package hyperref Info: Link coloring OFF on input line 31.
 (main.out) (main.out)
\@outlinefile=\write3
\openout3 = `main.out'.

Package caption Info: Begin \AtBeginDocument code.
Package caption Info: listings package is loaded.
Package caption Info: End \AtBeginDocument code.
\c@lstlisting=\count324

Overfull \hbox (4.70218pt too wide) in paragraph at lines 33--33
[] 
 []


Overfull \hbox (4.70218pt too wide) in paragraph at lines 33--33
[]
 []


Underfull \hbox (badness 10000) in paragraph at lines 33--33

 []

[1] (ЛистЗадания.tex [2] (main.lop)
\tf@lop=\write4
\openout4 = `main.lop'.


Overfull \hbox (4.70218pt too wide) in paragraph at lines 93--104
[][]
 []


Underfull \hbox (badness 10000) in paragraph at lines 93--104

 []

) (Реферат.tex [3] [4]
\c=\count325
\last=\count326
\pnul=\count327
\c=\count328
\last=\count329
\pnul=\count330
\c=\count331
\last=\count332
\pnul=\count333
\c=\count334
\last=\count335
\pnul=\count336
 [5]
\c=\count337
\last=\count338
\pnul=\count339
\c=\count340
\last=\count341
\pnul=\count342
\c=\count343
\last=\count344
\pnul=\count345
\c=\count346
\last=\count347
\pnul=\count348
) [6] (main.toc [7] [8])
\tf@toc=\write5
\openout5 = `main.toc'.

 (main.lpc)
\tf@lpc=\write6
\openout6 = `main.lpc'.

 (Обозначения.tex
Underfull \hbox (badness 1331) in paragraph at lines 1--1
\TU/TimesNewRoman(0)/m/n/14.4 Концептуальная модель сайта (Графический материал
 / Концептуальная
 []


Underfull \hbox (badness 10000) in paragraph at lines 1--1

 []

[9]) (Введение.tex [10] [11]
\c=\count349
\last=\count350
\pnul=\count351
) (Анализ.tex [12] [13] [14]
Underfull \hbox (badness 10000) in paragraph at lines 21--21
[]\TU/TimesNewRoman(0)/b/n/14.4 1.1.3 Разнообразие моделей БПЛА и их применение
 в
 []

[15] [16]
Underfull \hbox (badness 6063) in paragraph at lines 37--37
[]\TU/TimesNewRoman(0)/b/n/14.4 1.1.4 Работа камер и сенсоров на БПЛА для обнар
ужения
 []

[17] [18] [19]
Underfull \hbox (badness 6204) in paragraph at lines 72--72
[]\TU/TimesNewRoman(0)/b/n/14.4 1.2.3 Технические проблемы и сложности при обна
ружении
 []


Underfull \hbox (badness 5832) in paragraph at lines 83--83
[]\TU/TimesNewRoman(0)/b/n/14.4 1.3.1 Использование данных об обнаруженных пожа
рах для
 []

[20]
Underfull \hbox (badness 10000) in paragraph at lines 92--92
[]\TU/TimesNewRoman(0)/b/n/14.4 1.3.2 Роль
 []

[21]
Underfull \hbox (badness 10000) in paragraph at lines 98--98
[]\TU/TimesNewRoman(0)/b/n/14.4 1.3.3 Влияние автоматизированных систем обнаруж
ения на
 []


Underfull \hbox (badness 6708) in paragraph at lines 104--104
[]\TU/TimesNewRoman(0)/b/n/14.4 1.4.1 Прогрессивные методы классификации и лока
лизации
 []

[22]
Underfull \hbox (badness 1077) in paragraph at lines 118--118
[]\TU/TimesNewRoman(0)/b/n/14.4 1.4.2 Перспективы применения беспилотных массив
ов дронов
 []

[23]
Underfull \hbox (badness 1215) in paragraph at lines 125--126
[]\TU/TimesNewRoman(0)/m/n/14.4 Автономные дроны-пожарные: Разработка дронов, с
пособных не
 []


Underfull \hbox (badness 2277) in paragraph at lines 128--129
[]\TU/TimesNewRoman(0)/m/n/14.4 Роботизированные пожарные станции: Автоматизаци
я пожарных
 []


Underfull \hbox (badness 10000) in paragraph at lines 134--134
[]\TU/TimesNewRoman(0)/b/n/14.4 1.4.3 Непосредственное использование бпла для т
ушения
 []

[24] [25]) (ТехЗадание.tex [26] [27]
File: images/shablon.png Graphic file (type bmp)
<images/shablon.png>
File: images/shablon2.png Graphic file (type bmp)
<images/shablon2.png>
 [28]
Underfull \hbox (badness 1748) in paragraph at lines 56--57
[]\TU/TimesNewRoman(0)/m/n/14.4 Диаграмма вариантов использования описывает фун
кциональность
 []

[29]
File: images/actorusing.png Graphic file (type bmp)
<images/actorusing.png>
) (ТехПроект.tex [30] [31]
Underfull \hbox (badness 10000) in paragraph at lines 12--12
[]\TU/TimesNewRoman(0)/b/n/14.4 3.2.1 Описание используемых технологий и языков

 []

[32] [33]
Underfull \hbox (badness 2351) in paragraph at lines 37--38
[]\TU/TimesNewRoman(0)/m/n/14.4 NumPy - фундаментальная библиотека для научных 
расчетов в
 []

[34]
File: images/archNC.png Graphic file (type bmp)
<images/archNC.png>

Underfull \hbox (badness 1635) in paragraph at lines 61--62
[]\TU/TimesNewRoman(0)/m/n/14.4 Функция Input определяет входной слой с размеро
м изображения
 []

[35]
LaTeX Font Info:    Calculating math sizes for size <17> on input line 96.


LaTeX Font Warning: Font shape `OML/cmm/m/it' in size <8.5> not available
(Font)              size <8> substituted on input line 96.


LaTeX Font Warning: Font shape `OMS/cmsy/m/n' in size <8.5> not available
(Font)              size <8> substituted on input line 96.


LaTeX Font Warning: Font shape `OMX/cmex/m/n' in size <8.5> not available
(Font)              size <8> substituted on input line 96.


LaTeX Font Warning: Font shape `OT1/cmr/m/n' in size <8.5> not available
(Font)              size <8> substituted on input line 96.

LaTeX Font Info:    Calculating math sizes for size <> on input line 96.

LaTeX Font Warning: Font shape `OML/cmm/m/it' in size <> not available
(Font)              size <5> substituted on input line 96.


LaTeX Font Warning: Font shape `OML/cmm/m/it' in size <0.7> not available
(Font)              size <5> substituted on input line 96.


LaTeX Font Warning: Font shape `OML/cmm/m/it' in size <0.5> not available
(Font)              size <5> substituted on input line 96.


LaTeX Font Warning: Font shape `OMS/cmsy/m/n' in size <> not available
(Font)              size <5> substituted on input line 96.


LaTeX Font Warning: Font shape `OMS/cmsy/m/n' in size <0.7> not available
(Font)              size <5> substituted on input line 96.


LaTeX Font Warning: Font shape `OMS/cmsy/m/n' in size <0.5> not available
(Font)              size <5> substituted on input line 96.


LaTeX Font Warning: Font shape `OT1/cmr/m/n' in size <> not available
(Font)              size <5> substituted on input line 96.


LaTeX Font Warning: Font shape `OT1/cmr/m/n' in size <0.7> not available
(Font)              size <5> substituted on input line 96.


LaTeX Font Warning: Font shape `OT1/cmr/m/n' in size <0.5> not available
(Font)              size <5> substituted on input line 96.

File: images/relu.png Graphic file (type bmp)
<images/relu.png>
[36]
File: images/iou.png Graphic file (type bmp)
<images/iou.png>
 [37] [38] [39]
File: images/comp.png Graphic file (type bmp)
<images/comp.png>
 [40]

LaTeX Warning: Reference `classdiag:image' on page 41 undefined on input line 1
87.

File: images/classdiag.png Graphic file (type bmp)
<images/classdiag.png>

Underfull \hbox (badness 10000) in paragraph at lines 198--199
[]\TU/TimesNewRoman(0)/m/n/14.4 Связь dataprocessing - creatingtfrecordclassifi
er. Класс
 []


Underfull \hbox (badness 3250) in paragraph at lines 198--199
\TU/TimesNewRoman(0)/m/n/14.4 такие как загрузка изображения и нормализация коо
рдинат изображе-
 []


Underfull \hbox (badness 1248) in paragraph at lines 198--199
\TU/TimesNewRoman(0)/m/n/14.4 ния. Для создания записи tfrecord необходимо созд
ать запись со всеми
 []


Underfull \hbox (badness 10000) in paragraph at lines 199--200
[]\TU/TimesNewRoman(0)/m/n/14.4 Связь dataprocessing - creatingtfrecordlocalize
r. Класс
 []


Underfull \hbox (badness 3250) in paragraph at lines 199--200
\TU/TimesNewRoman(0)/m/n/14.4 такие как загрузка изображения и нормализация коо
рдинат изображе-
 []


Underfull \hbox (badness 1248) in paragraph at lines 199--200
\TU/TimesNewRoman(0)/m/n/14.4 ния. Для создания записи tfrecord необходимо созд
ать запись со всеми
 []

[41]
Underfull \hbox (badness 1264) in paragraph at lines 201--202
[]\TU/TimesNewRoman(0)/m/n/14.4 Связь creatingtfrecordclassifier - main. Класс 
main использует ос-
 []


Underfull \hbox (badness 1596) in paragraph at lines 203--204
[]\TU/TimesNewRoman(0)/m/n/14.4 Связь creatingtfrecordlocalizer - main. Класс m
ain использует ос-
 []

[42]
File: images/maketinterface.png Graphic file (type bmp)
<images/maketinterface.png>
) (РабочийПроект.tex [43]
Overfull \hbox (2.88367pt too wide) in paragraph at lines 43--43
[]|\TU/TimesNewRoman(0)/m/n/14.4 tf.keras.Model| 
 []


Underfull \hbox (badness 3792) in paragraph at lines 43--43
\TU/TimesNewRoman(0)/m/n/14.4 невой папке проекта
 []


Underfull \hbox (badness 1796) in paragraph at lines 43--43
\TU/TimesNewRoman(0)/m/n/14.4 и создается в классе
 []


Overfull \hbox (2.88367pt too wide) in paragraph at lines 43--43
[]|\TU/TimesNewRoman(0)/m/n/14.4 tf.keras.Model| 
 []


Underfull \hbox (badness 10000) in paragraph at lines 43--43
[]|\TU/TimesNewRoman(0)/m/n/14.4 Модель классифика-
 []


Underfull \hbox (badness 2351) in paragraph at lines 43--43
\TU/TimesNewRoman(0)/m/n/14.4 тора, загруженная из
 []


Underfull \hbox (badness 10000) in paragraph at lines 43--43
\TU/TimesNewRoman(0)/m/n/14.4 в корневой папке
 []


Underfull \hbox (badness 2698) in paragraph at lines 43--43
[]|\TU/TimesNewRoman(0)/m/n/14.4 Главное окно прило-
 []


Underfull \hbox (badness 2512) in paragraph at lines 43--43
\TU/TimesNewRoman(0)/m/n/14.4 жения. Окно настро-
 []


Underfull \hbox (badness 2932) in paragraph at lines 43--43
[]|\TU/TimesNewRoman(0)/m/n/14.4 Холст для отображе-
 []


Underfull \hbox (badness 2932) in paragraph at lines 43--43
[]|\TU/TimesNewRoman(0)/m/n/14.4 Холст для отображе-
 []


Underfull \hbox (badness 10000) in paragraph at lines 43--43
[]|\TU/TimesNewRoman(0)/m/n/14.4 Класс для перена-
 []


Underfull \hbox (badness 10000) in paragraph at lines 43--43
\TU/TimesNewRoman(0)/m/n/14.4 правления вывода
 []


Underfull \hbox (badness 7291) in paragraph at lines 43--43
\TU/TimesNewRoman(0)/m/n/14.4 консоли в текстовое
 []


Underfull \hbox (badness 3229) in paragraph at lines 43--43
\TU/TimesNewRoman(0)/m/n/14.4 функции sys.stdout =
 []


Overfull \hbox (4.75937pt too wide) in paragraph at lines 43--43
\TU/TimesNewRoman(0)/m/n/14.4 ConsoleRedirector(text).| 
 []


Underfull \hbox (badness 2932) in paragraph at lines 43--43
[]|\TU/TimesNewRoman(0)/m/n/14.4 Холст для отображе-
 []


Underfull \hbox (badness 10000) in paragraph at lines 43--43
[]|\TU/TimesNewRoman(0)/m/n/14.4 Функция для обна-
 []


Underfull \hbox (badness 1881) in paragraph at lines 43--43
\TU/TimesNewRoman(0)/m/n/14.4 ружения объектов на
 []


Underfull \hbox (badness 10000) in paragraph at lines 43--43
\TU/TimesNewRoman(0)/m/n/14.4 изображении с ис-
 []


Underfull \hbox (badness 1776) in paragraph at lines 43--43
\TU/TimesNewRoman(0)/m/n/14.4 пользованием модели
 []


Underfull \hbox (badness 10000) in paragraph at lines 43--43
\TU/TimesNewRoman(0)/m/n/14.4 локализатора. Здесь
 []


Underfull \hbox (badness 10000) in paragraph at lines 43--43
\TU/TimesNewRoman(0)/m/n/14.4 происходит подго-
 []


Underfull \hbox (badness 10000) in paragraph at lines 43--43
\TU/TimesNewRoman(0)/m/n/14.4 товка изображения,
 []


Underfull \hbox (badness 10000) in paragraph at lines 43--43
\TU/TimesNewRoman(0)/m/n/14.4 локализация, норма-
 []


Underfull \hbox (badness 10000) in paragraph at lines 43--43
\TU/TimesNewRoman(0)/m/n/14.4 лизация, разделение
 []


Underfull \hbox (badness 1939) in paragraph at lines 43--43
\TU/TimesNewRoman(0)/m/n/14.4 на элементы, нареза-
 []


Underfull \hbox (badness 10000) in paragraph at lines 43--43
\TU/TimesNewRoman(0)/m/n/14.4 ние изображений и
 []


Underfull \hbox (badness 2744) in paragraph at lines 43--43
\TU/TimesNewRoman(0)/m/n/14.4 32, 3). Далее проис-
 []


Underfull \hbox (badness 10000) in paragraph at lines 43--43
\TU/TimesNewRoman(0)/m/n/14.4 счет метки класса
 []


Underfull \hbox (badness 6445) in paragraph at lines 43--43
\TU/TimesNewRoman(0)/m/n/14.4 и сбор координат в
 []


Underfull \hbox (badness 2142) in paragraph at lines 43--43
\TU/TimesNewRoman(0)/m/n/14.4 В нашем варианте 0
 []


Underfull \hbox (badness 10000) in paragraph at lines 43--43
[]|\TU/TimesNewRoman(0)/m/n/14.4 Функция для визуа-
 []


Underfull \hbox (badness 10000) in paragraph at lines 43--43
\TU/TimesNewRoman(0)/m/n/14.4 лизации результатов
 []


Underfull \hbox (badness 10000) in paragraph at lines 43--43
\TU/TimesNewRoman(0)/m/n/14.4 детекции с помо-
 []


Underfull \hbox (badness 1028) in paragraph at lines 43--43
\TU/TimesNewRoman(0)/m/n/14.4 щью OpenCV. Рисует
 []


Underfull \hbox (badness 10000) in paragraph at lines 43--43
\TU/TimesNewRoman(0)/m/n/14.4 текст и квадраты
 []


Underfull \hbox (badness 10000) in paragraph at lines 43--43
\TU/TimesNewRoman(0)/m/n/14.4 на изображении в
 []


Underfull \hbox (badness 10000) in paragraph at lines 43--43
\TU/TimesNewRoman(0)/m/n/14.4 знанными объектами
 []


Underfull \hbox (badness 1681) in paragraph at lines 43--43
\TU/TimesNewRoman(0)/m/n/14.4 ции путём объедине-
 []


Underfull \hbox (badness 4181) in paragraph at lines 43--43
\TU/TimesNewRoman(0)/m/n/14.4 ния перекрывающих-
 []


Underfull \hbox (badness 1571) in paragraph at lines 43--43
\TU/TimesNewRoman(0)/m/n/14.4 ляем IoU, самый на-
 []


Underfull \hbox (badness 10000) in paragraph at lines 43--43
[]|\TU/TimesNewRoman(0)/m/n/14.4 Функция для об-
 []


Underfull \hbox (badness 10000) in paragraph at lines 43--43
\TU/TimesNewRoman(0)/m/n/14.4 наружения огня на
 []


Underfull \hbox (badness 10000) in paragraph at lines 43--43
\TU/TimesNewRoman(0)/m/n/14.4 изображении и его
 []


Underfull \hbox (badness 10000) in paragraph at lines 43--43
\TU/TimesNewRoman(0)/m/n/14.4 визуализации. Счи-
 []


Underfull \hbox (badness 10000) in paragraph at lines 43--43
\TU/TimesNewRoman(0)/m/n/14.4 тывает изображение,
 []


Underfull \hbox (badness 10000) in paragraph at lines 43--43
\TU/TimesNewRoman(0)/m/n/14.4 переводит его в
 []


Underfull \hbox (badness 10000) in paragraph at lines 43--43
\TU/TimesNewRoman(0)/m/n/14.4 matplotlib и выво-
 []


Underfull \hbox (badness 5939) in paragraph at lines 43--43
\TU/TimesNewRoman(0)/m/n/14.4 дит на Canvas поле
 []


Underfull \hbox (badness 10000) in paragraph at lines 43--43
\TU/TimesNewRoman(0)/m/n/14.4 изображения через
 []


Underfull \hbox (badness 10000) in paragraph at lines 43--43
\TU/TimesNewRoman(0)/m/n/14.4 диалоговое окно.
 []


Underfull \hbox (badness 5119) in paragraph at lines 43--43
\TU/TimesNewRoman(0)/m/n/14.4 Также помещает его
 []


Underfull \hbox (badness 1303) in paragraph at lines 43--43
\TU/TimesNewRoman(0)/m/n/14.4 в Canvas поле загру-
 []


Underfull \hbox (badness 10000) in paragraph at lines 43--43
[]|\TU/TimesNewRoman(0)/m/n/14.4 Функция для за-
 []


Underfull \hbox (badness 10000) in paragraph at lines 43--43
\TU/TimesNewRoman(0)/m/n/14.4 пуска процесса
 []


Underfull \hbox (badness 1281) in paragraph at lines 43--43
\TU/TimesNewRoman(0)/m/n/14.4 обнаружения огня на
 []


Underfull \hbox (badness 10000) in paragraph at lines 43--43
\TU/TimesNewRoman(0)/m/n/14.4 загруженном изоб-
 []


Underfull \hbox (badness 10000) in paragraph at lines 43--43
\TU/TimesNewRoman(0)/m/n/14.4 ражении. Вызывает
 []


Overfull \hbox (6.22867pt too wide) in paragraph at lines 43--43
[]|\TU/TimesNewRoman(0)/m/n/14.4 check_and_install_packages| 
 []


Underfull \hbox (badness 10000) in paragraph at lines 43--43
[]|\TU/TimesNewRoman(0)/m/n/14.4 Функция для про-
 []


Underfull \hbox (badness 10000) in paragraph at lines 43--43
\TU/TimesNewRoman(0)/m/n/14.4 верки и установки
 []


Underfull \hbox (badness 10000) in paragraph at lines 43--43
\TU/TimesNewRoman(0)/m/n/14.4 необходимых па-
 []


Underfull \hbox (badness 10000) in paragraph at lines 43--43
\TU/TimesNewRoman(0)/m/n/14.4 кетов PyQt5 и sip.
 []


Underfull \hbox (badness 10000) in paragraph at lines 43--43
\TU/TimesNewRoman(0)/m/n/14.4 Вызывается для
 []


Underfull \hbox (badness 10000) in paragraph at lines 43--43
\TU/TimesNewRoman(0)/m/n/14.4 предварительного
 []


Underfull \hbox (badness 1092) in paragraph at lines 43--43
[]|\TU/TimesNewRoman(0)/m/n/14.4 Функция для запуска
 []


Underfull \hbox (badness 3919) in paragraph at lines 43--43
\TU/TimesNewRoman(0)/m/n/14.4 для аннотации изоб-
 []


Underfull \hbox (badness 10000) in paragraph at lines 43--43
\TU/TimesNewRoman(0)/m/n/14.4 ражений. Labelimg
 []


Underfull \hbox (badness 10000) in paragraph at lines 43--43
\TU/TimesNewRoman(0)/m/n/14.4 установлен заранее,
 []


Underfull \hbox (badness 10000) in paragraph at lines 43--43
\TU/TimesNewRoman(0)/m/n/14.4 ка дополнительные
 []


Underfull \hbox (badness 10000) in paragraph at lines 43--43
\TU/TimesNewRoman(0)/m/n/14.4 фикатора. Вызывает
 []


Underfull \hbox (badness 5064) in paragraph at lines 43--43
\TU/TimesNewRoman(0)/m/n/14.4 функцию из другого
 []


Underfull \hbox (badness 5245) in paragraph at lines 43--43
[]|\TU/TimesNewRoman(0)/m/n/14.4 Функция для начала
 []


Underfull \hbox (badness 2310) in paragraph at lines 43--43
\TU/TimesNewRoman(0)/m/n/14.4 обучения модели ло-
 []


Underfull \hbox (badness 10000) in paragraph at lines 43--43
\TU/TimesNewRoman(0)/m/n/14.4 функцию train() и
 []


Underfull \hbox (badness 10000) in paragraph at lines 43--43
[]|\TU/TimesNewRoman(0)/m/n/14.4 Открывает новое
 []


Underfull \hbox (badness 10000) in paragraph at lines 43--43
\TU/TimesNewRoman(0)/m/n/14.4 окно для обучения
 []


Underfull \hbox (badness 6188) in paragraph at lines 43--43
\TU/TimesNewRoman(0)/m/n/14.4 для удобного обуче-
 []


Underfull \hbox (badness 6641) in paragraph at lines 43--43
\TU/TimesNewRoman(0)/m/n/14.4 ния, тестирования и
 []


Underfull \hbox (badness 10000) in paragraph at lines 43--43
\TU/TimesNewRoman(0)/m/n/14.4 работы с файлами
 []


Underfull \hbox (badness 2671) in paragraph at lines 43--43
\TU/TimesNewRoman(0)/m/n/14.4 пользовательской мо-
 []

[44] [45] [46] [47] [48]
Overfull \hbox (17.36511pt too wide) in paragraph at lines 74--74
 []|\TU/TimesNewRoman(0)/m/n/14.4 Наименование| 
 []


Underfull \hbox (badness 2538) in paragraph at lines 74--74
[]|\TU/TimesNewRoman(0)/m/n/14.4 Объект дерева XML,
 []


Underfull \hbox (badness 2828) in paragraph at lines 74--74
\TU/TimesNewRoman(0)/m/n/14.4 содержащий структу-
 []


Underfull \hbox (badness 1152) in paragraph at lines 74--74
\TU/TimesNewRoman(0)/m/n/14.4 ла для информирова-
 []


Underfull \hbox (badness 10000) in paragraph at lines 74--74
[]|\TU/TimesNewRoman(0)/m/n/14.4 Корневой элемент
 []


Underfull \hbox (badness 10000) in paragraph at lines 74--74
\TU/TimesNewRoman(0)/m/n/14.4 XML файла, предо-
 []


Underfull \hbox (badness 4927) in paragraph at lines 74--74
\TU/TimesNewRoman(0)/m/n/14.4 дочерним элементам.
 []


Overfull \hbox (1.24246pt too wide) in paragraph at lines 74--74
[]|\TU/TimesNewRoman(0)/m/n/14.4 num_objects| 
 []


Underfull \hbox (badness 10000) in paragraph at lines 74--74
[]|\TU/TimesNewRoman(0)/m/n/14.4 Количество объек-
 []


Underfull \hbox (badness 10000) in paragraph at lines 74--74
\TU/TimesNewRoman(0)/m/n/14.4 тов, размеченных в
 []


Underfull \hbox (badness 10000) in paragraph at lines 74--74
\TU/TimesNewRoman(0)/m/n/14.4 XML файле. Коли-
 []


Underfull \hbox (badness 10000) in paragraph at lines 74--74
\TU/TimesNewRoman(0)/m/n/14.4 чество размеченных
 []


Underfull \hbox (badness 2762) in paragraph at lines 74--74
\TU/TimesNewRoman(0)/m/n/14.4 объектов (6 - кол-во
 []


Underfull \hbox (badness 10000) in paragraph at lines 74--74
\TU/TimesNewRoman(0)/m/n/14.4 служебных элемен-
 []


Underfull \hbox (badness 3219) in paragraph at lines 74--74
\TU/TimesNewRoman(0)/m/n/14.4 нормализованных ко-
 []


Underfull \hbox (badness 2213) in paragraph at lines 74--74
\TU/TimesNewRoman(0)/m/n/14.4 извлеченная из XML
 []


Underfull \hbox (badness 3068) in paragraph at lines 74--74
[]|\TU/TimesNewRoman(0)/m/n/14.4 Высота изображения,
 []


Underfull \hbox (badness 2213) in paragraph at lines 74--74
\TU/TimesNewRoman(0)/m/n/14.4 извлеченная из XML
 []


Overfull \hbox (1.2284pt too wide) in paragraph at lines 74--74
[]|\TU/TimesNewRoman(0)/m/n/14.4 object_cords| 
 []


Underfull \hbox (badness 3219) in paragraph at lines 74--74
\TU/TimesNewRoman(0)/m/n/14.4 нормализованных ко-
 []


Underfull \hbox (badness 10000) in paragraph at lines 74--74
[]|\TU/TimesNewRoman(0)/m/n/14.4 Тензор изображения
 []


Underfull \hbox (badness 10000) in paragraph at lines 74--74
\TU/TimesNewRoman(0)/m/n/14.4 после загрузки и
 []


Underfull \hbox (badness 10000) in paragraph at lines 74--74
[]|\TU/TimesNewRoman(0)/m/n/14.4 Функция для созда-
 []


Underfull \hbox (badness 2065) in paragraph at lines 74--74
\TU/TimesNewRoman(0)/m/n/14.4 ния новой фигуры в
 []


Underfull \hbox (badness 1231) in paragraph at lines 74--74
[]|\TU/TimesNewRoman(0)/m/n/14.4 Функция для отобра-
 []


Underfull \hbox (badness 6188) in paragraph at lines 74--74
[]|\TU/TimesNewRoman(0)/m/n/14.4 Функция для управ-
 []


Underfull \hbox (badness 10000) in paragraph at lines 74--74
\TU/TimesNewRoman(0)/m/n/14.4 ления отображением
 []


Underfull \hbox (badness 1231) in paragraph at lines 74--74
[]|\TU/TimesNewRoman(0)/m/n/14.4 Функция для отобра-
 []


Underfull \hbox (badness 10000) in paragraph at lines 74--74
\TU/TimesNewRoman(0)/m/n/14.4 жения всей фигуры
 []


Underfull \hbox (badness 10000) in paragraph at lines 74--74
\TU/TimesNewRoman(0)/m/n/14.4 с подграфиками.
 []


Underfull \hbox (badness 10000) in paragraph at lines 74--74
\TU/TimesNewRoman(0)/m/n/14.4 Открывает окно с
 []


Underfull \hbox (badness 10000) in paragraph at lines 74--74
\TU/TimesNewRoman(0)/m/n/14.4 исходным изображе-
 []

[49] [50]
Underfull \hbox (badness 5260) in paragraph at lines 98--98
[]|\TU/TimesNewRoman(0)/m/n/14.4 Путь к папке с
 []


Underfull \hbox (badness 10000) in paragraph at lines 98--98
\TU/TimesNewRoman(0)/m/n/14.4 изображения-
 []


Underfull \hbox (badness 10000) in paragraph at lines 98--98
\TU/TimesNewRoman(0)/m/n/14.4 ми. Значением
 []


Underfull \hbox (badness 10000) in paragraph at lines 98--98
\TU/TimesNewRoman(0)/m/n/14.4 является адрес
 []


Underfull \hbox (badness 2088) in paragraph at lines 98--98
\TU/TimesNewRoman(0)/m/n/14.4 папки с нашими
 []


Underfull \hbox (badness 10000) in paragraph at lines 98--98
[]|\TU/TimesNewRoman(0)/m/n/14.4 Функция для
 []


Underfull \hbox (badness 10000) in paragraph at lines 98--98
\TU/TimesNewRoman(0)/m/n/14.4 создания списка
 []


Underfull \hbox (badness 10000) in paragraph at lines 98--98
\TU/TimesNewRoman(0)/m/n/14.4 XML файлов в
 []


Underfull \hbox (badness 10000) in paragraph at lines 98--98
\TU/TimesNewRoman(0)/m/n/14.4 указанной пап-
 []


Underfull \hbox (badness 10000) in paragraph at lines 98--98
\TU/TimesNewRoman(0)/m/n/14.4 ке. Формируем
 []


Underfull \hbox (badness 2744) in paragraph at lines 98--98
\TU/TimesNewRoman(0)/m/n/14.4 список всех xml
 []


Underfull \hbox (badness 1565) in paragraph at lines 98--98
[]|\TU/TimesNewRoman(0)/m/n/14.4 Функция для за-
 []


Underfull \hbox (badness 5504) in paragraph at lines 98--98
\TU/TimesNewRoman(0)/m/n/14.4 грузки и предо-
 []


Underfull \hbox (badness 4429) in paragraph at lines 98--98
\TU/TimesNewRoman(0)/m/n/14.4 здания TFRecord
 []


Underfull \hbox (badness 10000) in paragraph at lines 98--98
\TU/TimesNewRoman(0)/m/n/14.4 для классифика-
 []


Underfull \hbox (badness 10000) in paragraph at lines 98--98
\TU/TimesNewRoman(0)/m/n/14.4 тора. Здесь мы
 []


Underfull \hbox (badness 10000) in paragraph at lines 98--98
[]|\TU/TimesNewRoman(0)/m/n/14.4 Словарь для
 []


Underfull \hbox (badness 10000) in paragraph at lines 98--98
\TU/TimesNewRoman(0)/m/n/14.4 сопоставления
 []


Underfull \hbox (badness 5203) in paragraph at lines 98--98
\TU/TimesNewRoman(0)/m/n/14.4 названий с мет-
 []


Underfull \hbox (badness 3514) in paragraph at lines 98--98
\TU/TimesNewRoman(0)/m/n/14.4 ками классов. В
 []


Underfull \hbox (badness 1325) in paragraph at lines 98--98
\TU/TimesNewRoman(0)/m/n/14.4 Ничего (nothing),
 []


Underfull \hbox (badness 10000) in paragraph at lines 98--98
\TU/TimesNewRoman(0)/m/n/14.4 1- Возгорание
 []


Underfull \hbox (badness 10000) in paragraph at lines 98--98
[]|\TU/TimesNewRoman(0)/m/n/14.4 Внутренняя
 []


Underfull \hbox (badness 10000) in paragraph at lines 98--98
\TU/TimesNewRoman(0)/m/n/14.4 функция для
 []


Underfull \hbox (badness 10000) in paragraph at lines 98--98
\TU/TimesNewRoman(0)/m/n/14.4 ботанного изоб-
 []


Underfull \hbox (badness 3657) in paragraph at lines 98--98
\TU/TimesNewRoman(0)/m/n/14.4 в TFRecord. Со-
 []


Underfull \hbox (badness 10000) in paragraph at lines 98--98
\TU/TimesNewRoman(0)/m/n/14.4 здается запись
 []


Underfull \hbox (badness 10000) in paragraph at lines 98--98
\TU/TimesNewRoman(0)/m/n/14.4 writer, данные
 []


Underfull \hbox (badness 10000) in paragraph at lines 98--98
\TU/TimesNewRoman(0)/m/n/14.4 предоставляются
 []


Underfull \hbox (badness 2042) in paragraph at lines 98--98
\TU/TimesNewRoman(0)/m/n/14.4 в байтовом виде
 []


Underfull \hbox (badness 1348) in paragraph at lines 98--98
\TU/TimesNewRoman(0)/m/n/14.4 и собирается эк-
 []


Underfull \hbox (badness 10000) in paragraph at lines 98--98
\TU/TimesNewRoman(0)/m/n/14.4 земляр, который
 []


Underfull \hbox (badness 10000) in paragraph at lines 98--98
\TU/TimesNewRoman(0)/m/n/14.4 потом записы-
 []


Underfull \hbox (badness 10000) in paragraph at lines 98--98
\TU/TimesNewRoman(0)/m/n/14.4 вается в запись
 []


Underfull \hbox (badness 10000) in paragraph at lines 98--98
[]|\TU/TimesNewRoman(0)/m/n/14.4 Функция для
 []


Underfull \hbox (badness 10000) in paragraph at lines 98--98
\TU/TimesNewRoman(0)/m/n/14.4 разбора записей
 []


Underfull \hbox (badness 1057) in paragraph at lines 98--98
\TU/TimesNewRoman(0)/m/n/14.4 TFRecord. Имена
 []


Underfull \hbox (badness 10000) in paragraph at lines 98--98
\TU/TimesNewRoman(0)/m/n/14.4 элементов оста-
 []


Underfull \hbox (badness 10000) in paragraph at lines 98--98
\TU/TimesNewRoman(0)/m/n/14.4 ются как при
 []

[51]
Underfull \hbox (badness 5260) in paragraph at lines 135--135
[]|\TU/TimesNewRoman(0)/m/n/14.4 Путь к папке с
 []


Underfull \hbox (badness 10000) in paragraph at lines 135--135
\TU/TimesNewRoman(0)/m/n/14.4 изображения-
 []


Underfull \hbox (badness 10000) in paragraph at lines 135--135
\TU/TimesNewRoman(0)/m/n/14.4 ми. Значением
 []


Underfull \hbox (badness 10000) in paragraph at lines 135--135
\TU/TimesNewRoman(0)/m/n/14.4 является адрес
 []


Underfull \hbox (badness 2088) in paragraph at lines 135--135
\TU/TimesNewRoman(0)/m/n/14.4 папки с нашими
 []


Underfull \hbox (badness 10000) in paragraph at lines 135--135
[]|\TU/TimesNewRoman(0)/m/n/14.4 Загружает изоб-
 []


Underfull \hbox (badness 1270) in paragraph at lines 135--135
\TU/TimesNewRoman(0)/m/n/14.4 ражение, декоди-
 []


Underfull \hbox (badness 10000) in paragraph at lines 135--135
\TU/TimesNewRoman(0)/m/n/14.4 рует, нормали-
 []


Underfull \hbox (badness 5681) in paragraph at lines 135--135
\TU/TimesNewRoman(0)/m/n/14.4 зует и изменяет
 []


Underfull \hbox (badness 7064) in paragraph at lines 135--135
[]|\TU/TimesNewRoman(0)/m/n/14.4 Формируем спи-
 []


Overfull \hbox (10.02763pt too wide) in paragraph at lines 135--135
[]|\TU/TimesNewRoman(0)/m/n/14.4 TFRecordWriter| 
 []


Underfull \hbox (badness 10000) in paragraph at lines 135--135
[]|\TU/TimesNewRoman(0)/m/n/14.4 Записывает дан-
 []


Underfull \hbox (badness 2005) in paragraph at lines 135--135
\TU/TimesNewRoman(0)/m/n/14.4 ные в TFRecord.
 []


Underfull \hbox (badness 10000) in paragraph at lines 135--135
\TU/TimesNewRoman(0)/m/n/14.4 Создание самой
 []


Underfull \hbox (badness 10000) in paragraph at lines 135--135
[]|\TU/TimesNewRoman(0)/m/n/14.4 Количество объ-
 []


Underfull \hbox (badness 10000) in paragraph at lines 135--135
\TU/TimesNewRoman(0)/m/n/14.4 ектов в XML
 []


Underfull \hbox (badness 10000) in paragraph at lines 135--135
[]|\TU/TimesNewRoman(0)/m/n/14.4 Список коорди-
 []


Underfull \hbox (badness 10000) in paragraph at lines 135--135
[]|\TU/TimesNewRoman(0)/m/n/14.4 Ширина изобра-
 []


Underfull \hbox (badness 10000) in paragraph at lines 135--135
[]|\TU/TimesNewRoman(0)/m/n/14.4 Высота изобра-
 []


Underfull \hbox (badness 10000) in paragraph at lines 135--135
[]|\TU/TimesNewRoman(0)/m/n/14.4 Координаты од-
 []


Underfull \hbox (badness 10000) in paragraph at lines 135--135
\TU/TimesNewRoman(0)/m/n/14.4 ного объекта.
 []


Underfull \hbox (badness 10000) in paragraph at lines 135--135
\TU/TimesNewRoman(0)/m/n/14.4 Тут мы также
 []


Underfull \hbox (badness 10000) in paragraph at lines 135--135
\TU/TimesNewRoman(0)/m/n/14.4 нормализуем
 []


Underfull \hbox (badness 10000) in paragraph at lines 135--135
\TU/TimesNewRoman(0)/m/n/14.4 координаты от
 []


Underfull \hbox (badness 10000) in paragraph at lines 135--135
\TU/TimesNewRoman(0)/m/n/14.4 на исходные
 []


Underfull \hbox (badness 10000) in paragraph at lines 135--135
[]|\TU/TimesNewRoman(0)/m/n/14.4 Сериализованное
 []


Underfull \hbox (badness 10000) in paragraph at lines 135--135
\TU/TimesNewRoman(0)/m/n/14.4 изображение.
 []


Underfull \hbox (badness 3989) in paragraph at lines 135--135
\TU/TimesNewRoman(0)/m/n/14.4 Готовим данные,
 []


Underfull \hbox (badness 10000) in paragraph at lines 135--135
\TU/TimesNewRoman(0)/m/n/14.4 представляем в
 []


Underfull \hbox (badness 10000) in paragraph at lines 135--135
\TU/TimesNewRoman(0)/m/n/14.4 координаты. Го-
 []


Underfull \hbox (badness 10000) in paragraph at lines 135--135
\TU/TimesNewRoman(0)/m/n/14.4 товим данные,
 []


Underfull \hbox (badness 10000) in paragraph at lines 135--135
\TU/TimesNewRoman(0)/m/n/14.4 представляем в
 []


Underfull \hbox (badness 10000) in paragraph at lines 135--135
[]|\TU/TimesNewRoman(0)/m/n/14.4 Пример данных
 []


Underfull \hbox (badness 10000) in paragraph at lines 135--135
\TU/TimesNewRoman(0)/m/n/14.4 для TFRecord.
 []


Underfull \hbox (badness 10000) in paragraph at lines 135--135
\TU/TimesNewRoman(0)/m/n/14.4 Собираем экзе-
 []


Overfull \hbox (16.2081pt too wide) in paragraph at lines 135--135
[]|\TU/TimesNewRoman(0)/m/n/14.4 TFRecordDataset| 
 []


Underfull \hbox (badness 10000) in paragraph at lines 135--135
\TU/TimesNewRoman(0)/m/n/14.4 TFRecord. Сразу
 []


Underfull \hbox (badness 10000) in paragraph at lines 135--135
\TU/TimesNewRoman(0)/m/n/14.4 после создания
 []


Underfull \hbox (badness 10000) in paragraph at lines 135--135
\TU/TimesNewRoman(0)/m/n/14.4 проверка чтения
 []


Underfull \hbox (badness 1348) in paragraph at lines 135--135
[]|\TU/TimesNewRoman(0)/m/n/14.4 Разбирает запись
 []


Underfull \hbox (badness 10000) in paragraph at lines 135--135
\TU/TimesNewRoman(0)/m/n/14.4 из TFRecord.
 []


Underfull \hbox (badness 1189) in paragraph at lines 135--135
[]|\TU/TimesNewRoman(0)/m/n/14.4 Описание прихо-
 []


Underfull \hbox (badness 6016) in paragraph at lines 135--135
[]|\TU/TimesNewRoman(0)/m/n/14.4 Разобранный эк-
 []

[52] [53] [54]
Underfull \hbox (badness 10000) in paragraph at lines 160--160
[]|\TU/TimesNewRoman(0)/m/n/14.4 Разбирает запись
 []


Underfull \hbox (badness 10000) in paragraph at lines 160--160
\TU/TimesNewRoman(0)/m/n/14.4 TFRecord, возвращая
 []


Underfull \hbox (badness 10000) in paragraph at lines 160--160
[]|\TU/TimesNewRoman(0)/m/n/14.4 shuffle, cache, prefetch,
 []


Underfull \hbox (badness 10000) in paragraph at lines 160--160
[]|\TU/TimesNewRoman(0)/m/n/14.4 Подготавливает да-
 []


Underfull \hbox (badness 10000) in paragraph at lines 160--160
\TU/TimesNewRoman(0)/m/n/14.4 тасет к обучению:
 []


Underfull \hbox (badness 10000) in paragraph at lines 160--160
\TU/TimesNewRoman(0)/m/n/14.4 перемешивание,
 []


Underfull \hbox (badness 10000) in paragraph at lines 160--160
\TU/TimesNewRoman(0)/m/n/14.4 кэширование, пред-
 []


Underfull \hbox (badness 1748) in paragraph at lines 160--160
\TU/TimesNewRoman(0)/m/n/14.4 варительная загрузка,
 []


Underfull \hbox (badness 1742) in paragraph at lines 160--160
\TU/TimesNewRoman(0)/m/n/14.4 ры из датасета и их
 []


Underfull \hbox (badness 10000) in paragraph at lines 160--160
[]|\TU/TimesNewRoman(0)/m/n/14.4 Определяет модель
 []


Underfull \hbox (badness 1642) in paragraph at lines 160--160
\TU/TimesNewRoman(0)/m/n/14.4 ния, возвращая сред-
 []


Underfull \hbox (badness 7631) in paragraph at lines 160--160
[]|\TU/TimesNewRoman(0)/m/n/14.4 Обучает классифика-
 []


Underfull \hbox (badness 6094) in paragraph at lines 160--160
\TU/TimesNewRoman(0)/m/n/14.4 тор и визуализирует
 []


Underfull \hbox (badness 10000) in paragraph at lines 160--160
[]|\TU/TimesNewRoman(0)/m/n/14.4 Визуализирует изоб-
 []


Underfull \hbox (badness 10000) in paragraph at lines 160--160
\TU/TimesNewRoman(0)/m/n/14.4 ражения и пред-
 []


Underfull \hbox (badness 10000) in paragraph at lines 160--160
\TU/TimesNewRoman(0)/m/n/14.4 сказания модели с
 []

[55]
Underfull \hbox (badness 10000) in paragraph at lines 186--186
[]|\TU/TimesNewRoman(0)/m/n/14.4 Разбирает запись
 []


Underfull \hbox (badness 10000) in paragraph at lines 186--186
\TU/TimesNewRoman(0)/m/n/14.4 TFRecord, возвра-
 []


Underfull \hbox (badness 10000) in paragraph at lines 186--186
\TU/TimesNewRoman(0)/m/n/14.4 щая изображение и
 []


Underfull \hbox (badness 4819) in paragraph at lines 186--186
\TU/TimesNewRoman(0)/m/n/14.4 между истинными и
 []


Underfull \hbox (badness 2035) in paragraph at lines 186--186
\TU/TimesNewRoman(0)/m/n/14.4 предсказанными рам-
 []


Underfull \hbox (badness 10000) in paragraph at lines 186--186
[]|\TU/TimesNewRoman(0)/m/n/14.4 Определяет модель
 []


Underfull \hbox (badness 10000) in paragraph at lines 186--186
[]|\TU/TimesNewRoman(0)/m/n/14.4 Тестирует модель,
 []


Underfull \hbox (badness 10000) in paragraph at lines 186--186
\TU/TimesNewRoman(0)/m/n/14.4 визуализируя резуль-
 []


Underfull \hbox (badness 7012) in paragraph at lines 186--186
\TU/TimesNewRoman(0)/m/n/14.4 зуализирует историю
 []

[56]
(C:\Users\Den\AppData\Local\Programs\MiKTeX\tex/latex/listings\lstlang1.sty
File: lstlang1.sty 2024/03/11 1.10a listings language file
)
LaTeX Font Info:    Font shape `TU/Verdana(0)/m/n' will be
(Font)              scaled to size 10.07994pt on input line 195.

[57] [58] [59]

LaTeX Warning: Reference `main:image' on page 60 undefined on input line 300.

[60]
File: images/systemtest1.png Graphic file (type bmp)
<images/systemtest1.png>
File: images/systemtest13.png Graphic file (type bmp)
<images/systemtest13.png>
 [61]
File: images/systemtest2.png Graphic file (type bmp)
<images/systemtest2.png>
 [62]
File: images/systemtest4.png Graphic file (type bmp)
<images/systemtest4.png>
 [63]
File: images/systemtest3.png Graphic file (type bmp)
<images/systemtest3.png>
 [64]
File: images/systemtest5.png Graphic file (type bmp)
<images/systemtest5.png>
File: images/systemtest6.png Graphic file (type bmp)
<images/systemtest6.png>
 [65]
File: images/systemtest7.png Graphic file (type bmp)
<images/systemtest7.png>
File: images/systemtest8.png Graphic file (type bmp)
<images/systemtest8.png>
 [66]
File: images/systemtest9.png Graphic file (type bmp)
<images/systemtest9.png>
File: images/systemtest10.png Graphic file (type bmp)
<images/systemtest10.png>
 [67]
File: images/systemtest11.png Graphic file (type bmp)
<images/systemtest11.png>
File: images/systemtest12.png Graphic file (type bmp)
<images/systemtest12.png>
 [68]
File: images/systemtest22.png Graphic file (type bmp)
<images/systemtest22.png>
 [69]
File: images/systemtest14.png Graphic file (type bmp)
<images/systemtest14.png>
 [70]
File: images/systemtest15.png Graphic file (type bmp)
<images/systemtest15.png>
 [71]
File: images/systemtest16.png Graphic file (type bmp)
<images/systemtest16.png>
 [72]
File: images/systemtest17.png Graphic file (type bmp)
<images/systemtest17.png>
 [73]
File: images/systemtest18.png Graphic file (type bmp)
<images/systemtest18.png>
File: images/systemtest19.png Graphic file (type bmp)
<images/systemtest19.png>
 [74]
File: images/systemtest20.png Graphic file (type bmp)
<images/systemtest20.png>

[75]
File: images/systemtest21.png Graphic file (type bmp)
<images/systemtest21.png>
File: images/systemtestlabelimg2.png Graphic file (type bmp)
<images/systemtestlabelimg2.png>
 [76]
File: images/systemtestlabelimg1.png Graphic file (type bmp)
<images/systemtestlabelimg1.png>
) (Заключение.tex [77]) (СписокИсточников.tex [78]
Underfull \hbox (badness 6001) in paragraph at lines 14--15
[]\TU/TimesNewRoman(0)/m/n/14.4 Герон, О. Практическое машинное обучение с Scik
it-Learn и
 []

[79]) (Плакаты.tex [80] [81]
File: images/плакат1.png Graphic file (type bmp)
<images/плакат1.png>
File: images/плакат2.png Graphic file (type bmp)
<images/плакат2.png>
 [82

]
File: images/плакат3.png Graphic file (type bmp)
<images/плакат3.png>
 [83]
File: images/плакат3.png Graphic file (type bmp)
<images/плакат3.png>
 [84] [85]) (Код.tex
(C:\Users\Den\AppData\Local\Programs\MiKTeX\tex/latex/listings\lstlang1.sty
File: lstlang1.sty 2024/03/11 1.10a listings language file
)
(C:\Users\Den\AppData\Local\Programs\MiKTeX\tex/latex/listings\lstlang2.sty
File: lstlang2.sty 2024/03/11 1.10a listings language file
)
(C:\Users\Den\AppData\Local\Programs\MiKTeX\tex/latex/listings\lstlang3.sty
File: lstlang3.sty 2024/03/11 1.10a listings language file
)
(C:\Users\Den\AppData\Local\Programs\MiKTeX\tex/latex/listings\lstlang1.sty
File: lstlang1.sty 2024/03/11 1.10a listings language file
)
(C:\Users\Den\AppData\Local\Programs\MiKTeX\tex/latex/listings\lstlang2.sty
File: lstlang2.sty 2024/03/11 1.10a listings language file
)
(C:\Users\Den\AppData\Local\Programs\MiKTeX\tex/latex/listings\lstlang3.sty
File: lstlang3.sty 2024/03/11 1.10a listings language file
)
(C:\Users\Den\AppData\Local\Programs\MiKTeX\tex/latex/listings\lstlang1.sty
File: lstlang1.sty 2024/03/11 1.10a listings language file
)
(C:\Users\Den\AppData\Local\Programs\MiKTeX\tex/latex/listings\lstlang2.sty
File: lstlang2.sty 2024/03/11 1.10a listings language file
)
(C:\Users\Den\AppData\Local\Programs\MiKTeX\tex/latex/listings\lstlang3.sty
File: lstlang3.sty 2024/03/11 1.10a listings language file
)
(C:\Users\Den\AppData\Local\Programs\MiKTeX\tex/latex/listings\lstmisc.sty
File: lstmisc.sty 2024/03/11 1.10a (Carsten Heinz)
)
Package hyperref Info: bookmark level for unknown lstlisting defaults to 0 on i
nput line 4.

(main.tex [86

]) (ТехПроект.tex [87] [88] [89] [90] [91] [92] [93]) [94])
[95] (main.aux)
 ***********
LaTeX2e <2023-11-01> patch level 1
L3 programming layer <2024-03-14>
 ***********


LaTeX Font Warning: Size substitutions with differences
(Font)              up to 4.5pt have occurred.


LaTeX Warning: There were undefined references.

Package rerunfilecheck Info: File `main.out' has not changed.
(rerunfilecheck)             Checksum: 447FD25F4B8E8F2A807F136FAD468EEE;21301.
 ) 
Here is how much of TeX's memory you used:
 20901 strings out of 409553
 379349 string characters out of 5772365
 2261148 words of memory out of 5000000
 42766 multiletter control sequences out of 15000+600000
 564188 words of font info for 95 fonts, out of 8000000 for 9000
 1348 hyphenation exceptions out of 8191
 99i,11n,110p,955b,2966s stack positions out of 10000i,1000n,20000p,200000b,200000s

Output written on main.pdf (95 pages).
